Detecting adapter sequence for read1...
No adapter detected for read1

Detecting adapter sequence for read2...
No adapter detected for read2

Read1 before filtering:
total reads: 1059990
total bases: 264997500
Q20 bases: 244342808(92.2057%)
Q30 bases: 230438903(86.9589%)

Read2 before filtering:
total reads: 1059990
total bases: 264997500
Q20 bases: 179423624(67.7077%)
Q30 bases: 149332001(56.3522%)

Read1 after filtering:
total reads: 1059990
total bases: 264736883
Q20 bases: 244206663(92.245%)
Q30 bases: 230317270(86.9986%)

Read2 after filtering:
total reads: 1059990
total bases: 264736883
Q20 bases: 179348939(67.7461%)
Q30 bases: 149274282(56.3859%)

Filtering result:
reads passed filter: 2119980
reads failed due to low quality: 0
reads failed due to too many N: 0
reads with adapter trimmed: 5734
bases trimmed due to adapters: 521234

Duplication rate: 0.0368871%

Insert size peak (evaluated by paired-end reads): 400

JSON report: SRR1383453.fastp.json
HTML report: SRR1383453.fastp.html

fastp --in1 SRR1383453_1.fastq.gz --in2 SRR1383453_2.fastq.gz --out1 SRR1383453_1.fastp.fastq.gz --out2 SRR1383453_2.fastp.fastq.gz --json SRR1383453.fastp.json --html SRR1383453.fastp.html --thread 4 --detect_adapter_for_pe --disable_quality_filtering --disable_length_filtering true 
fastp v0.23.4, time used: 42 seconds
