Detecting adapter sequence for read1...
No adapter detected for read1

Detecting adapter sequence for read2...
No adapter detected for read2

Read1 before filtering:
total reads: 264734
total bases: 66183500
Q20 bases: 60474094(91.3734%)
Q30 bases: 56523868(85.4048%)

Read2 before filtering:
total reads: 264734
total bases: 66183500
Q20 bases: 36490578(55.1355%)
Q30 bases: 28612301(43.2318%)

Read1 after filtering:
total reads: 264734
total bases: 65559089
Q20 bases: 60017549(91.5473%)
Q30 bases: 56119402(85.6013%)

Read2 after filtering:
total reads: 264734
total bases: 65559089
Q20 bases: 36350544(55.447%)
Q30 bases: 28512619(43.4915%)

Filtering result:
reads passed filter: 529468
reads failed due to low quality: 0
reads failed due to too many N: 0
reads with adapter trimmed: 18596
bases trimmed due to adapters: 1248822

Duplication rate: 0.493703%

Insert size peak (evaluated by paired-end reads): 427

JSON report: SRR1383466.fastp.json
HTML report: SRR1383466.fastp.html

fastp --in1 SRR1383466_1.fastq.gz --in2 SRR1383466_2.fastq.gz --out1 SRR1383466_1.fastp.fastq.gz --out2 SRR1383466_2.fastp.fastq.gz --json SRR1383466.fastp.json --html SRR1383466.fastp.html --thread 4 --detect_adapter_for_pe --disable_quality_filtering --disable_length_filtering true 
fastp v0.23.4, time used: 23 seconds
