Detecting adapter sequence for read1...
No adapter detected for read1

Detecting adapter sequence for read2...
No adapter detected for read2

Read1 before filtering:
total reads: 1648098
total bases: 412024500
Q20 bases: 345234706(83.7898%)
Q30 bases: 308071930(74.7703%)

Read2 before filtering:
total reads: 1648098
total bases: 412024500
Q20 bases: 250928623(60.9014%)
Q30 bases: 200776131(48.7292%)

Read1 after filtering:
total reads: 1648098
total bases: 411954144
Q20 bases: 345208932(83.7979%)
Q30 bases: 308052334(74.7783%)

Read2 after filtering:
total reads: 1648098
total bases: 411954144
Q20 bases: 250912226(60.9078%)
Q30 bases: 200764407(48.7346%)

Filtering result:
reads passed filter: 3296196
reads failed due to low quality: 0
reads failed due to too many N: 0
reads with adapter trimmed: 1800
bases trimmed due to adapters: 140712

Duplication rate: 0.028093%

Insert size peak (evaluated by paired-end reads): 400

JSON report: SRR1383464.fastp.json
HTML report: SRR1383464.fastp.html

fastp --in1 SRR1383464_1.fastq.gz --in2 SRR1383464_2.fastq.gz --out1 SRR1383464_1.fastp.fastq.gz --out2 SRR1383464_2.fastp.fastq.gz --json SRR1383464.fastp.json --html SRR1383464.fastp.html --thread 4 --detect_adapter_for_pe --disable_quality_filtering --disable_length_filtering true 
fastp v0.23.4, time used: 53 seconds
