Detecting adapter sequence for read1...
No adapter detected for read1

Detecting adapter sequence for read2...
No adapter detected for read2

Read1 before filtering:
total reads: 1293168
total bases: 323292000
Q20 bases: 297124092(91.9058%)
Q30 bases: 280499869(86.7636%)

Read2 before filtering:
total reads: 1293168
total bases: 323292000
Q20 bases: 240257187(74.3158%)
Q30 bases: 209985788(64.9524%)

Read1 after filtering:
total reads: 1293168
total bases: 322547440
Q20 bases: 296689516(91.9832%)
Q30 bases: 280104683(86.8414%)

Read2 after filtering:
total reads: 1293168
total bases: 322547440
Q20 bases: 239993086(74.4055%)
Q30 bases: 209780315(65.0386%)

Filtering result:
reads passed filter: 2586336
reads failed due to low quality: 0
reads failed due to too many N: 0
reads with adapter trimmed: 16598
bases trimmed due to adapters: 1489120

Duplication rate: 0.16216%

Insert size peak (evaluated by paired-end reads): 400

JSON report: SRR1383451.fastp.json
HTML report: SRR1383451.fastp.html

fastp --in1 SRR1383451_1.fastq.gz --in2 SRR1383451_2.fastq.gz --out1 SRR1383451_1.fastp.fastq.gz --out2 SRR1383451_2.fastp.fastq.gz --json SRR1383451.fastp.json --html SRR1383451.fastp.html --thread 4 --detect_adapter_for_pe --disable_quality_filtering --disable_length_filtering true 
fastp v0.23.4, time used: 42 seconds
