Detecting adapter sequence for read1...
No adapter detected for read1

Detecting adapter sequence for read2...
No adapter detected for read2

Read1 before filtering:
total reads: 63073
total bases: 15768250
Q20 bases: 13867324(87.9446%)
Q30 bases: 12837759(81.4152%)

Read2 before filtering:
total reads: 63073
total bases: 15768250
Q20 bases: 11352732(71.9974%)
Q30 bases: 9774338(61.9875%)

Read1 after filtering:
total reads: 63073
total bases: 15141922
Q20 bases: 13451489(88.8361%)
Q30 bases: 12473463(82.377%)

Read2 after filtering:
total reads: 63073
total bases: 15141922
Q20 bases: 11133891(73.5302%)
Q30 bases: 9614429(63.4954%)

Filtering result:
reads passed filter: 126146
reads failed due to low quality: 0
reads failed due to too many N: 0
reads with adapter trimmed: 18330
bases trimmed due to adapters: 1252656

Duplication rate: 6.12782%

Insert size peak (evaluated by paired-end reads): 186

JSON report: SRR1383456.fastp.json
HTML report: SRR1383456.fastp.html

fastp --in1 SRR1383456_1.fastq.gz --in2 SRR1383456_2.fastq.gz --out1 SRR1383456_1.fastp.fastq.gz --out2 SRR1383456_2.fastp.fastq.gz --json SRR1383456.fastp.json --html SRR1383456.fastp.html --thread 4 --detect_adapter_for_pe --disable_quality_filtering --disable_length_filtering true 
fastp v0.23.4, time used: 9 seconds
